<?xml version="1.0" encoding="UTF-8"?>
<testsuite hostname="cristiano-PC" name="test.persistence.CompanyPersistenceTest" tests="6" failures="0" timestamp="4 May 2011 03:05:59 GMT" time="6.435" errors="0">
  <testcase name="testAddPersonRepo" time="4.218" classname="test.persistence.PersonRepositoryTest"/>
  <testcase name="testFindPersonRepo" time="0.646" classname="test.persistence.PersonRepositoryTest"/>
  <testcase name="testCompanyPersistence" time="0.043" classname="test.persistence.CompanyPersistenceTest"/>
  <testcase name="testProductPersistence" time="0.017" classname="test.persistence.CompanyPersistenceTest"/>
  <testcase name="testOperatorPersistence" time="0.051" classname="test.persistence.PersonPersistenceTest"/>
  <testcase name="testUserPersistence" time="0.028" classname="test.persistence.PersonPersistenceTest"/>
</testsuite>
