<?xml version="1.0" encoding="UTF-8" ?>
<testsuite failures="1" time="3.131" errors="0" skipped="1" tests="6" name="TestSuite">
  <properties>
[...]
</properties>
  <testcase time="0.004" classname="test.persistence.PersonRepositoryTest" name="testAddPersonRepo">
    <failure type="java.lang.NullPointerException">java.lang.NullPointerException
	at test.persistence.PersonRepositoryTest.testAddPersonRepo(PersonRepositoryTest.java:30)
</failure>
  </testcase>
  <testcase time="0.009" classname="test.persistence.PersonRepositoryTest" name="testFindPersonRepo">
    <skipped/>
  </testcase>
  <testcase time="0.08" classname="test.persistence.CompanyPersistenceTest" name="testCompanyPersistence"/>
  <testcase time="0.006" classname="test.persistence.CompanyPersistenceTest" name="testProductPersistence"/>
  <testcase time="0.012" classname="test.persistence.PersonPersistenceTest" name="testAdminPersistence"/>
  <testcase time="0.005" classname="test.persistence.PersonPersistenceTest" name="testUserPersistence"/>
</testsuite>