<?xml version="1.0" encoding="UTF-8"?>
<testng-results skipped="1" failed="1" total="6" passed="4">
  <reporter-output>
  </reporter-output>
  <suite name="Command line suite" duration-ms="2572" started-at="2011-08-19T17:42:01Z" finished-at="2011-08-19T17:42:04Z">
    <groups>
      <group name="a">
        <method signature="test.persistence.PersonRepositoryTest.testAddPersonRepo()" name="testAddPersonRepo" class="test.persistence.PersonRepositoryTest"/>
      </group>
    </groups>
    <test name="Command line test" duration-ms="2572" started-at="2011-08-19T17:42:01Z" finished-at="2011-08-19T17:42:04Z">
      <class name="test.persistence.PersonPersistenceTest">
        <test-method status="PASS" signature="prepareStatement()" name="prepareStatement" is-config="true" duration-ms="356" started-at="2011-08-19T17:42:03Z" finished-at="2011-08-19T17:42:03Z">
        </test-method>
        <test-method status="PASS" signature="testAdminPersistence()" name="testAdminPersistence" duration-ms="12" started-at="2011-08-19T17:42:03Z" finished-at="2011-08-19T17:42:03Z">
        </test-method>
        <test-method status="PASS" signature="testUserPersistence()" name="testUserPersistence" duration-ms="5" started-at="2011-08-19T17:42:03Z" finished-at="2011-08-19T17:42:03Z">
        </test-method>
        <test-method status="PASS" signature="cleanConnections()" name="cleanConnections" is-config="true" duration-ms="233" started-at="2011-08-19T17:42:03Z" finished-at="2011-08-19T17:42:04Z">
        </test-method>
      </class>
      <class name="test.persistence.PersonRepositoryTest">
        <test-method status="FAIL" signature="testAddPersonRepo()" name="testAddPersonRepo" duration-ms="2" started-at="2011-08-19T17:42:01Z" finished-at="2011-08-19T17:42:01Z">
          <exception class="java.lang.NullPointerException">
            <full-stacktrace>
              <![CDATA[java.lang.NullPointerException
	at test.persistence.PersonRepositoryTest.testAddPersonRepo(PersonRepositoryTest.java:30)
	at sun.reflect.NativeMethodAccessorImpl.invoke0(Native Method)
	at sun.reflect.NativeMethodAccessorImpl.invoke(NativeMethodAccessorImpl.java:39)
	at sun.reflect.DelegatingMethodAccessorImpl.invoke(DelegatingMethodAccessorImpl.java:25)
	at java.lang.reflect.Method.invoke(Method.java:597)
	at org.testng.internal.MethodInvocationHelper.invokeMethod(MethodInvocationHelper.java:76)
	at org.testng.internal.Invoker.invokeMethod(Invoker.java:673)
	at org.testng.internal.Invoker.invokeTestMethod(Invoker.java:846)
	at org.testng.internal.Invoker.invokeTestMethods(Invoker.java:1170)
	at org.testng.internal.TestMethodWorker.invokeTestMethods(TestMethodWorker.java:125)
	at org.testng.internal.TestMethodWorker.run(TestMethodWorker.java:109)
	at org.testng.TestRunner.runWorkers(TestRunner.java:1147)
	at org.testng.TestRunner.privateRun(TestRunner.java:749)
	at org.testng.TestRunner.run(TestRunner.java:600)
	at org.testng.SuiteRunner.runTest(SuiteRunner.java:317)
	at org.testng.SuiteRunner.runSequentially(SuiteRunner.java:312)
	at org.testng.SuiteRunner.privateRun(SuiteRunner.java:274)
	at org.testng.SuiteRunner.run(SuiteRunner.java:223)
	at org.testng.SuiteRunnerWorker.runSuite(SuiteRunnerWorker.java:52)
	at org.testng.SuiteRunnerWorker.run(SuiteRunnerWorker.java:86)
	at org.testng.TestNG.runSuitesSequentially(TestNG.java:1039)
	at org.testng.TestNG.runSuitesLocally(TestNG.java:964)
	at org.testng.TestNG.run(TestNG.java:900)
	at org.apache.maven.surefire.testng.TestNGExecutor.run(TestNGExecutor.java:62)
	at org.apache.maven.surefire.testng.TestNGDirectoryTestSuite.execute(TestNGDirectoryTestSuite.java:141)
	at org.apache.maven.surefire.Surefire.run(Surefire.java:177)
	at sun.reflect.NativeMethodAccessorImpl.invoke0(Native Method)
	at sun.reflect.NativeMethodAccessorImpl.invoke(NativeMethodAccessorImpl.java:39)
	at sun.reflect.DelegatingMethodAccessorImpl.invoke(DelegatingMethodAccessorImpl.java:25)
	at java.lang.reflect.Method.invoke(Method.java:597)
	at org.apache.maven.surefire.booter.SurefireBooter.runSuitesInProcess(SurefireBooter.java:345)
	at org.apache.maven.surefire.booter.SurefireBooter.main(SurefireBooter.java:1009)
]]>
            </full-stacktrace>
          </exception>
        </test-method>
        <test-method status="SKIP" signature="testFindPersonRepo()" name="testFindPersonRepo" duration-ms="0" depends-on-groups="a" started-at="2011-08-19T17:42:01Z" finished-at="2011-08-19T17:42:01Z">
        </test-method>
      </class>
      <class name="test.persistence.CompanyPersistenceTest">
        <test-method status="PASS" signature="setTestVars()" name="setTestVars" is-config="true" duration-ms="10" started-at="2011-08-19T17:42:01Z" finished-at="2011-08-19T17:42:01Z">
        </test-method>
        <test-method status="PASS" signature="beforeTest()" name="beforeTest" is-config="true" duration-ms="0" started-at="2011-08-19T17:42:01Z" finished-at="2011-08-19T17:42:01Z">
        </test-method>
        <test-method status="PASS" signature="prepareStatement()" name="prepareStatement" is-config="true" duration-ms="1391" started-at="2011-08-19T17:42:01Z" finished-at="2011-08-19T17:42:02Z">
        </test-method>
        <test-method status="PASS" signature="testCompanyPersistence()" name="testCompanyPersistence" duration-ms="80" started-at="2011-08-19T17:42:02Z" finished-at="2011-08-19T17:42:03Z">
        </test-method>
        <test-method status="PASS" signature="testProductPersistence()" name="testProductPersistence" duration-ms="6" started-at="2011-08-19T17:42:03Z" finished-at="2011-08-19T17:42:03Z">
        </test-method>
        <test-method status="PASS" signature="cleanConnections()" name="cleanConnections" is-config="true" duration-ms="463" started-at="2011-08-19T17:42:03Z" finished-at="2011-08-19T17:42:03Z">
        </test-method>
      </class>
    </test>
  </suite>
</testng-results>
