<?xml version="1.0" encoding="UTF-8"?>
<testng-results skipped="1" failed="1" total="6" passed="4">
  <reporter-output>
  </reporter-output>
  <suite name="GSC by packages" duration-ms="4517" started-at="2011-05-24T23:23:24Z" finished-at="2011-05-24T23:23:29Z">
    <groups>
      <group name="a">
        <method signature="test.persistence.PersonRepositoryTest.testAddPersonRepo()" name="testAddPersonRepo" class="test.persistence.PersonRepositoryTest"/>
      </group>
    </groups>
    <test name="test.persistence" duration-ms="4517" started-at="2011-05-24T23:23:24Z" finished-at="2011-05-24T23:23:29Z">
      <class name="test.persistence.PersonPersistenceTest">
        <test-method status="PASS" signature="prepareStatement()" name="prepareStatement" is-config="true" duration-ms="910" started-at="2011-05-24T23:23:28Z" finished-at="2011-05-24T23:23:28Z">
        </test-method>
        <test-method status="PASS" signature="testAdminPersistence()" name="testAdminPersistence" duration-ms="43" started-at="2011-05-24T23:23:28Z" finished-at="2011-05-24T23:23:28Z">
        </test-method>
        <test-method status="PASS" signature="testUserPersistence()" name="testUserPersistence" duration-ms="24" started-at="2011-05-24T23:23:28Z" finished-at="2011-05-24T23:23:28Z">
        </test-method>
        <test-method status="PASS" signature="cleanConnections()" name="cleanConnections" is-config="true" duration-ms="2" started-at="2011-05-24T23:23:29Z" finished-at="2011-05-24T23:23:29Z">
        </test-method>
      </class>
      <class name="test.persistence.PersonRepositoryTest">
        <test-method status="PASS" signature="beforeTest()" name="beforeTest" is-config="true" duration-ms="15" started-at="2011-05-24T23:23:24Z" finished-at="2011-05-24T23:23:24Z">
        </test-method>
        <test-method status="FAIL" signature="testAddPersonRepo()" name="testAddPersonRepo" duration-ms="22" started-at="2011-05-24T23:23:24Z" finished-at="2011-05-24T23:23:24Z">
          <exception class="java.lang.NullPointerException">
            <full-stacktrace>
              <![CDATA[java.lang.NullPointerException
	at test.persistence.PersonRepositoryTest.testAddPersonRepo(PersonRepositoryTest.java:28)
	at sun.reflect.NativeMethodAccessorImpl.invoke0(Native Method)
	at sun.reflect.NativeMethodAccessorImpl.invoke(Unknown Source)
	at sun.reflect.DelegatingMethodAccessorImpl.invoke(Unknown Source)
	at java.lang.reflect.Method.invoke(Unknown Source)
	at org.testng.internal.MethodInvocationHelper.invokeMethod(MethodInvocationHelper.java:76)
	at org.testng.internal.Invoker.invokeMethod(Invoker.java:673)
	at org.testng.internal.Invoker.invokeTestMethod(Invoker.java:846)
	at org.testng.internal.Invoker.invokeTestMethods(Invoker.java:1170)
	at org.testng.internal.TestMethodWorker.invokeTestMethods(TestMethodWorker.java:125)
	at org.testng.internal.TestMethodWorker.run(TestMethodWorker.java:109)
	at org.testng.TestRunner.runWorkers(TestRunner.java:1147)
	at org.testng.TestRunner.privateRun(TestRunner.java:749)
	at org.testng.TestRunner.run(TestRunner.java:600)
	at org.testng.SuiteRunner.runTest(SuiteRunner.java:317)
	at org.testng.SuiteRunner.runSequentially(SuiteRunner.java:312)
	at org.testng.SuiteRunner.privateRun(SuiteRunner.java:274)
	at org.testng.SuiteRunner.run(SuiteRunner.java:223)
	at org.testng.SuiteRunnerWorker.runSuite(SuiteRunnerWorker.java:52)
	at org.testng.SuiteRunnerWorker.run(SuiteRunnerWorker.java:86)
	at org.testng.TestNG.runSuitesSequentially(TestNG.java:1039)
	at org.testng.TestNG.runSuitesLocally(TestNG.java:964)
	at org.testng.TestNG.run(TestNG.java:900)
	at org.testng.remote.RemoteTestNG.run(RemoteTestNG.java:110)
	at org.testng.remote.RemoteTestNG.initAndRun(RemoteTestNG.java:205)
	at org.testng.remote.RemoteTestNG.main(RemoteTestNG.java:174)
]]>
            </full-stacktrace>
          </exception>
        </test-method>
        <test-method status="SKIP" signature="testFindPersonRepo()" name="testFindPersonRepo" duration-ms="1" depends-on-groups="a" started-at="2011-05-24T23:23:24Z" finished-at="2011-05-24T23:23:24Z">
        </test-method>
      </class>
      <class name="test.persistence.CompanyPersistenceTest">
        <test-method status="PASS" signature="prepareStatement()" name="prepareStatement" is-config="true" duration-ms="3248" started-at="2011-05-24T23:23:24Z" finished-at="2011-05-24T23:23:27Z">
        </test-method>
        <test-method status="PASS" signature="testCompanyPersistence()" name="testCompanyPersistence" duration-ms="140" started-at="2011-05-24T23:23:27Z" finished-at="2011-05-24T23:23:27Z">
        </test-method>
        <test-method status="PASS" signature="testProductPersistence()" name="testProductPersistence" duration-ms="25" started-at="2011-05-24T23:23:27Z" finished-at="2011-05-24T23:23:27Z">
        </test-method>
        <test-method status="PASS" signature="cleanConnections()" name="cleanConnections" is-config="true" duration-ms="9" started-at="2011-05-24T23:23:27Z" finished-at="2011-05-24T23:23:28Z">
        </test-method>
      </class>
    </test>
  </suite>
</testng-results>
